   37
 SCF done     -74.83710486      0.00000000
C          1.273789374150   -1.592469217574    0.000000000000
C         -1.273789374150    1.592469217574    0.000000000000
C         -0.320509842524   -2.012109011393    0.000000000000
C          0.320509842524    2.012109011393    0.000000000000
N         -0.812539600776   -1.532479247049   -1.287379367473
N          0.812539600776    1.532479247049    1.287379367473
N         -0.812539600776   -1.532479247049    1.287379367473
N          0.812539600776    1.532479247049   -1.287379367473
N          1.467259279093   -0.933779541207   -1.288569366889
N         -1.467259279093    0.933779541207    1.288569366889
N          1.467259279093   -0.933779541207    1.288569366889
N         -1.467259279093    0.933779541207   -1.288569366889
C          0.348409828816   -1.316329353249   -2.113498961577
C         -0.348409828816    1.316329353249    2.113498961577
C          0.348409828816   -1.316329353249    2.113498961577
C         -0.348409828816    1.316329353249   -2.113498961577
O          0.366469819943   -1.386999318527   -3.311738372847
O         -0.366469819943    1.386999318527    3.311738372847
O          0.366469819943   -1.386999318527    3.311738372847
O         -0.366469819943    1.386999318527   -3.311738372847
C         -1.841569095184   -0.485859761283   -1.532139247216
C          1.841569095184    0.485859761283    1.532139247216
C         -1.841569095184   -0.485859761283    1.532139247216
C          1.841569095184    0.485859761283   -1.532139247216
H         -0.399049803935   -3.102428475687    0.000000000000
H          0.399049803935    3.102428475687    0.000000000000
H          1.878529077024   -2.503078770165    0.000000000000
H         -1.878529077024    2.503078770165    0.000000000000
H         -2.746828650403   -0.726039643276   -0.981699517663
H          2.746828650403    0.726039643276    0.981699517663
H         -2.746828650403   -0.726039643276    0.981699517663
H          2.746828650403    0.726039643276   -0.981699517663
H         -2.056228989715   -0.543189733115   -2.599938722575
H          2.056228989715    0.543189733115    2.599938722575
H         -2.056228989715   -0.543189733115    2.599938722575
H          2.056228989715    0.543189733115   -2.599938722575
HE         0.000000000000    0.000000000000    0.000000000000
   37
 SCF done     -74.84612800      0.07516461
C          1.263098939775   -1.584564600825    0.000000000501
C         -1.263098939880    1.584564600422    0.000000000175
C         -0.315794821780   -2.000559586409   -0.000000000447
C          0.315794820965    2.000559587056   -0.000000000773
N         -0.807619315307   -1.504239750724   -1.274629014017
N          0.807619318323    1.504239749411    1.274629015773
N         -0.807619316932   -1.504239749991    1.274629014652
N          0.807619317406    1.504239750267   -1.274629013775
N          1.447686052243   -0.910741112334   -1.275128908276
N         -1.447686048515    0.910741114920    1.275128910186
N          1.447686050572   -0.910741113853    1.275128908600
N         -1.447686050862    0.910741113168   -1.275128908508
C          0.339259326824   -1.282674093645   -2.096591978393
C         -0.339259332103    1.282674091780    2.096591968606
C          0.339259329421   -1.282674092802    2.096591975119
C         -0.339259329580    1.282674092960   -2.096591978379
O          0.357754560320   -1.353716959987   -3.282347415053
O         -0.357754559425    1.353716960651    3.282347421974
O          0.357754559854   -1.353716960257    3.282347417419
O         -0.357754559828    1.353716960117   -3.282347415095
C         -1.847980994949   -0.487896917178   -1.524327225354
C          1.847980993662    0.487896918821    1.524327225058
C         -1.847980994658   -0.487896918910    1.524327225182
C          1.847980993845    0.487896917367   -1.524327225270
H         -0.405114699535   -3.091884948408    0.000000000016
H          0.405114699543    3.091884948162    0.000000000036
H          1.878440775669   -2.490274128443   -0.000000000031
H         -1.878440775731    2.490274128559   -0.000000000011
H         -2.756082216552   -0.728416534213   -0.979205376340
H          2.756082216774    0.728416534180    0.979205376244
H         -2.756082216528   -0.728416534157    0.979205376359
H          2.756082216819    0.728416534257   -0.979205376210
H         -2.045191575056   -0.540187915054   -2.597894938829
H          2.045191575149    0.540187915012    2.597894938967
H         -2.045191575079   -0.540187914965    2.597894938837
H          2.045191575139    0.540187915049   -2.597894938940
HE        -0.000000000004   -0.000000000002   -0.000000000001
   37
 SCF done     -74.84779412      0.02772347
C          1.259670965512   -1.586648643432    0.000000000963
C         -1.259670964360    1.586648644483   -0.000000000968
C         -0.311965450072   -2.001214904761    0.000000001359
C          0.311965450429    2.001214905610   -0.000000001264
N         -0.800322994143   -1.487659432749   -1.265917476141
N          0.800322992765    1.487659433200    1.265917478825
N         -0.800322994222   -1.487659433568    1.265917476109
N          0.800322993931    1.487659434265   -1.265917476339
N          1.431914726522   -0.899164653977   -1.266020352646
N         -1.431914723400    0.899164652622    1.266020354362
N          1.431914724631   -0.899164653644    1.266020353590
N         -1.431914725780    0.899164654485   -1.266020352233
C          0.336707600183   -1.274051813147   -2.086555544676
C         -0.336707603109    1.274051810673    2.086555533440
C          0.336707603555   -1.274051811849    2.086555543835
C         -0.336707601656    1.274051812947   -2.086555545165
O          0.352100165836   -1.332491836570   -3.271912137082
O         -0.352100165654    1.332491833121    3.271912134473
O          0.352100166472   -1.332491838821    3.271912135721
O         -0.352100166397    1.332491837000   -3.271912137904
C         -1.844773471003   -0.487266288213   -1.518655473498
C          1.844773470548    0.487266291254    1.518655475404
C         -1.844773470900   -0.487266290324    1.518655475258
C          1.844773470533    0.487266288002   -1.518655473983
H         -0.418464421249   -3.092426816594    0.000000000755
H          0.418464421645    3.092426817192    0.000000000598
H          1.890398902793   -2.483479236589    0.000000000611
H         -1.890398903072    2.483479236610    0.000000000416
H         -2.758219444057   -0.728838277161   -0.983431107838
H          2.758219444106    0.728838279007    0.983431110743
H         -2.758219444130   -0.728838277811    0.983431108481
H          2.758219444398    0.728838277738   -0.983431109992
H         -2.032743850136   -0.536801568880   -2.595586518869
H          2.032743848466    0.536801569984    2.595586521267
H         -2.032743849984   -0.536801569394    2.595586520639
H          2.032743848919    0.536801568388   -2.595586519384
HE         0.000000002078    0.000000000903    0.000000001135
   37
 SCF done     -74.84785299      0.01272288
C          1.259247485262   -1.584130656658    0.000000001315
C         -1.259247484900    1.584130657657   -0.000000000371
C         -0.312786330879   -1.998988170456    0.000000001458
C          0.312786330497    1.998988171258   -0.000000000773
N         -0.801003975088   -1.485623917998   -1.266013774735
N          0.801003974434    1.485623919117    1.266013777119
N         -0.801003975882   -1.485623918367    1.266013775755
N          0.801003975559    1.485623919260   -1.266013774335
N          1.431081291270   -0.896868776085   -1.266090557156
N         -1.431081288486    0.896868775759    1.266090559873
N          1.431081289914   -0.896868775048    1.266090559217
N         -1.431081290635    0.896868776037   -1.266090557346
C          0.334982982868   -1.267812357463   -2.085605840957
C         -0.334982983325    1.267812355991    2.085605836512
C          0.334982985385   -1.267812357376    2.085605843961
C         -0.334982982283    1.267812357791   -2.085605843770
O          0.350269275773   -1.325688557044   -3.273107798464
O         -0.350269273029    1.325688553242    3.273107796762
O          0.350269275895   -1.325688560828    3.273107798630
O         -0.350269274419    1.325688557364   -3.273107797381
C         -1.848026770976   -0.488128105475   -1.519563472641
C          1.848026771512    0.488128108358    1.519563473704
C         -1.848026770777   -0.488128106799    1.519563474611
C          1.848026771785    0.488128105334   -1.519563471743
H         -0.418552816218   -3.089858424608    0.000000000801
H          0.418552816727    3.089858425327    0.000000000564
H          1.889364605841   -2.480877336240    0.000000001114
H         -1.889364606230    2.480877336602    0.000000000619
H         -2.762183598210   -0.729763003060   -0.985283689937
H          2.762183597418    0.729763004956    0.985283689101
H         -2.762183598284   -0.729763002688    0.985283691270
H          2.762183598232    0.729763003421   -0.985283688116
H         -2.036149949018   -0.537700199731   -2.596629927906
H          2.036149950247    0.537700202051    2.596629928955
H         -2.036149948501   -0.537700199978    2.596629929867
H          2.036149950449    0.537700200148   -2.596629926702
HE        -0.000000011929   -0.000000003769   -0.000000018872
   37
 SCF done     -74.84786471      0.00388131
C          1.260046440904   -1.585278694500   -0.000000005203
C         -1.260046445255    1.585278692839   -0.000000006951
C         -0.312900074248   -2.000492609932   -0.000000005253
C          0.312900068702    2.000492610560   -0.000000007216
N         -0.800563069725   -1.486359727146   -1.266028244005
N          0.800563063396    1.486359725995    1.266028231813
N         -0.800563070216   -1.486359727003    1.266028231954
N          0.800563064632    1.486359726051   -1.266028243579
N          1.430752570611   -0.897573004126   -1.266085118341
N         -1.430752573949    0.897573002445    1.266085107232
N          1.430752568901   -0.897573002701    1.266085106771
N         -1.430752576140    0.897573002547   -1.266085119453
C          0.335452105566   -1.269789408258   -2.084907225883
C         -0.335452111694    1.269789405414    2.084907211897
C          0.335452107365   -1.269789408712    2.084907215737
C         -0.335452110959    1.269789406806   -2.084907228534
O          0.350695829022   -1.327427135466   -3.273030265303
O         -0.350695832060    1.327427129857    3.273030252170
O          0.350695829381   -1.327427140600    3.273030254426
O         -0.350695833542    1.327427134521   -3.273030266409
C         -1.847240425481   -0.487915669557   -1.519212043156
C          1.847240418778    0.487915669966    1.519212028538
C         -1.847240424624   -0.487915670415    1.519212029363
C          1.847240419908    0.487915667590   -1.519212042122
H         -0.419324336660   -3.091150305070   -0.000000006009
H          0.419324330494    3.091150305688   -0.000000006456
H          1.890796283886   -2.481400106874   -0.000000005512
H         -1.890796289955    2.481400103846   -0.000000006288
H         -2.761074035451   -0.729382419723   -0.984192902115
H          2.761074027701    0.729382419297    0.984192885852
H         -2.761074034126   -0.729382418747    0.984192887068
H          2.761074029956    0.729382418118   -0.984192901581
H         -2.036488519766   -0.537808630872   -2.596071398298
H          2.036488514630    0.537808631145    2.596071383519
H         -2.036488520286   -0.537808630858    2.596071384279
H          2.036488513823    0.537808628743   -2.596071397493
HE         0.000000096480    0.000000029132    0.000000234542
   37
 SCF done     -74.84786582      0.00102637
C          1.260210989192   -1.584987702473    0.000000100460
C         -1.260210947756    1.584987728146    0.000000099147
C         -0.313192851417   -2.000397900696    0.000000099600
C          0.313192899140    2.000397900835    0.000000098212
N         -0.800592597823   -1.486507223537   -1.266295529758
N          0.800592657258    1.486507241385    1.266295737610
N         -0.800592605215   -1.486507225541    1.266295731570
N          0.800592651050    1.486507238572   -1.266295536298
N          1.430632054008   -0.897573043627   -1.266335631305
N         -1.430632011459    0.897573061838    1.266335830907
N          1.430632064399   -0.897573046395    1.266335837357
N         -1.430632000964    0.897573057550   -1.266335625928
C          0.335497939886   -1.270078293192   -2.084768848362
C         -0.335497889845    1.270078302525    2.084769046360
C          0.335497939995   -1.270078289992    2.084769047791
C         -0.335497890269    1.270078306939   -2.084768850015
O          0.350906905928   -1.328328805234   -3.272853462829
O         -0.350906854340    1.328328803837    3.272853661585
O          0.350906901531   -1.328328799565    3.272853662586
O         -0.350906860503    1.328328818764   -3.272853463955
C         -1.847290062343   -0.487922374454   -1.519663920518
C          1.847290129807    0.487922392235    1.519664156990
C         -1.847290075116   -0.487922376213    1.519664143506
C          1.847290117312    0.487922388834   -1.519663934062
H         -0.419194527722   -3.091010760124    0.000000101863
H          0.419194590609    3.091010759368    0.000000101127
H          1.890684176891   -2.481196788938    0.000000100660
H         -1.890684123951    2.481196822774    0.000000099669
H         -2.761058797201   -0.729325683842   -0.984556004680
H          2.761058871671    0.729325703196    0.984556255896
H         -2.761058817227   -0.729325686458    0.984556241752
H          2.761058852525    0.729325698740   -0.984556019426
H         -2.036494674229   -0.537830708955   -2.596520491167
H          2.036494718587    0.537830722161    2.596520730939
H         -2.036494666129   -0.537830705664    2.596520717718
H          2.036494726678    0.537830722756   -2.596520504389
HE        -0.000000932957   -0.000000255553   -0.000003780612
   37
 SCF done     -74.84786596      0.00031626
C          1.260298519155   -1.584978791480    0.000000463754
C         -1.260298938568    1.584978620792    0.000000424146
C         -0.313284457763   -2.000492309114    0.000000489923
C          0.313284026691    2.000492273768    0.000000452132
N         -0.800657867080   -1.486625223085   -1.266300574735
N          0.800657385205    1.486624400846    1.266301153804
N         -0.800657681714   -1.486624547646    1.266301309841
N          0.800657359001    1.486625018256   -1.266300526077
N          1.430581121867   -0.897552807392   -1.266326260366
N         -1.430581236203    0.897552341928    1.266327124463
N          1.430580658536   -0.897552412555    1.266327081856
N         -1.430581488692    0.897552781717   -1.266326410040
C          0.335425240515   -1.269879858832   -2.084653207890
C         -0.335425366085    1.269879133912    2.084654113852
C          0.335425014593   -1.269879229887    2.084654085132
C         -0.335425593933    1.269879769007   -2.084653185509
O          0.350788491600   -1.327966628292   -3.272729688159
O         -0.350788606960    1.327965980889    3.272730621236
O          0.350788341454   -1.327966051886    3.272730520197
O         -0.350788755098    1.327966552027   -3.272729610428
C         -1.847406501906   -0.487946808505   -1.519351618837
C          1.847406227076    0.487946775932    1.519353016469
C         -1.847406597156   -0.487946920478    1.519353181432
C          1.847406119448    0.487946732686   -1.519351449515
H         -0.419046653407   -3.091106862565    0.000000798232
H          0.419046190428    3.091106908181    0.000000808298
H          1.890651179697   -2.481244551377    0.000000781599
H         -1.890651548114    2.481244278824    0.000000792173
H         -2.760910414326   -0.729249250823   -0.983766282471
H          2.760910849639    0.729249336462    0.983768732363
H         -2.760911211358   -0.729249408846    0.983769084686
H          2.760910059134    0.729249145958   -0.983765931962
H         -2.036883356997   -0.537948398235   -2.596126998887
H          2.036881918892    0.537947999586    2.596128744860
H         -2.036882168695   -0.537948057569    2.596128873537
H          2.036883109125    0.537948332345   -2.596126873331
HE         0.000006632000    0.000001735448   -0.000024035779
